        -:    0:Source:C:/Users/Jakub-PC/CLionProjects/untitled2/main.cpp
        -:    0:Graph:C:\Users\Jakub-PC\CLionProjects\untitled2\cmake-build-debug-coverage\CMakeFiles\untitled2.dir\main.cpp.gcno
        -:    0:Data:C:\Users\Jakub-PC\CLionProjects\untitled2\cmake-build-debug-coverage\CMakeFiles\untitled2.dir\main.cpp.gcda
        -:    0:Runs:1
        -:    0:Programs:1
        -:    1:#include <iostream>
        -:    2:
        1:    3:int main() {
        1:    4:    std::cout << "zwisa misa!" << std::endl;
        1:    4-block  0
        1:    5:    std::cout << "uga buga buga uga" << std::endl;
        1:    6:    return 0;
        -:    7:}
